Release 14.7 - xst P.20131013 (nt64)
Copyright (c) 1995-2013 Xilinx, Inc.  All rights reserved.
--> Parameter TMPDIR set to xst/projnav.tmp


Total REAL time to Xst completion: 0.00 secs
Total CPU time to Xst completion: 0.07 secs
 
--> Parameter xsthdpdir set to xst


Total REAL time to Xst completion: 0.00 secs
Total CPU time to Xst completion: 0.07 secs
 
--> Reading design: tao_xung.prj

TABLE OF CONTENTS
  1) Synthesis Options Summary
  2) HDL Compilation
  3) Design Hierarchy Analysis
  4) HDL Analysis
  5) HDL Synthesis
     5.1) HDL Synthesis Report
  6) Advanced HDL Synthesis
     6.1) Advanced HDL Synthesis Report
  7) Low Level Synthesis
  8) Partition Report
  9) Final Report
	9.1) Device utilization summary
	9.2) Partition Resource Summary
	9.3) TIMING REPORT


=========================================================================
*                      Synthesis Options Summary                        *
=========================================================================
---- Source Parameters
Input File Name                    : "tao_xung.prj"
Input Format                       : mixed
Ignore Synthesis Constraint File   : NO

---- Target Parameters
Output File Name                   : "tao_xung"
Output Format                      : NGC
Target Device                      : xc3s500e-4-fg320

---- Source Options
Top Module Name                    : tao_xung
Automatic FSM Extraction           : YES
FSM Encoding Algorithm             : Auto
Safe Implementation                : No
FSM Style                          : LUT
RAM Extraction                     : Yes
RAM Style                          : Auto
ROM Extraction                     : Yes
Mux Style                          : Auto
Decoder Extraction                 : YES
Priority Encoder Extraction        : Yes
Shift Register Extraction          : YES
Logical Shifter Extraction         : YES
XOR Collapsing                     : YES
ROM Style                          : Auto
Mux Extraction                     : Yes
Resource Sharing                   : YES
Asynchronous To Synchronous        : NO
Multiplier Style                   : Auto
Automatic Register Balancing       : No

---- Target Options
Add IO Buffers                     : YES
Global Maximum Fanout              : 100000
Add Generic Clock Buffer(BUFG)     : 24
Register Duplication               : YES
Slice Packing                      : YES
Optimize Instantiated Primitives   : NO
Use Clock Enable                   : Yes
Use Synchronous Set                : Yes
Use Synchronous Reset              : Yes
Pack IO Registers into IOBs        : Auto
Equivalent register Removal        : YES

---- General Options
Optimization Goal                  : Speed
Optimization Effort                : 1
Keep Hierarchy                     : No
Netlist Hierarchy                  : As_Optimized
RTL Output                         : Yes
Global Optimization                : AllClockNets
Read Cores                         : YES
Write Timing Constraints           : NO
Cross Clock Analysis               : NO
Hierarchy Separator                : /
Bus Delimiter                      : <>
Case Specifier                     : Maintain
Slice Utilization Ratio            : 100
BRAM Utilization Ratio             : 100
Verilog 2001                       : YES
Auto BRAM Packing                  : NO
Slice Utilization Ratio Delta      : 5

=========================================================================


=========================================================================
*                          HDL Compilation                              *
=========================================================================
Compiling verilog file "chia_xung.v" in library work
Compiling verilog file "tao_xung.v" in library work
Module <chia_xung> compiled
Module <tao_xung> compiled
No errors in compilation
Analysis of file <"tao_xung.prj"> succeeded.
 

=========================================================================
*                     Design Hierarchy Analysis                         *
=========================================================================
Analyzing hierarchy for module <tao_xung> in library <work>.

Analyzing hierarchy for module <chia_xung> in library <work> with parameters.
	M = "00000101111101011110000100000000"

Analyzing hierarchy for module <chia_xung> in library <work> with parameters.
	M = "00000010111110101111000010000000"

Analyzing hierarchy for module <chia_xung> in library <work> with parameters.
	M = "00000001011111010111100001000000"


=========================================================================
*                            HDL Analysis                               *
=========================================================================
Analyzing top module <tao_xung>.
Module <tao_xung> is correct for synthesis.
 
Analyzing module <chia_xung.1> in library <work>.
	M = 32'sb00000101111101011110000100000000
Module <chia_xung.1> is correct for synthesis.
 
Analyzing module <chia_xung.2> in library <work>.
	M = 32'sb00000010111110101111000010000000
Module <chia_xung.2> is correct for synthesis.
 
Analyzing module <chia_xung.3> in library <work>.
	M = 32'sb00000001011111010111100001000000
Module <chia_xung.3> is correct for synthesis.
 

=========================================================================
*                           HDL Synthesis                               *
=========================================================================

Performing bidirectional port resolution...

Synthesizing Unit <chia_xung_1>.
    Related source file is "chia_xung.v".
    Found 31-bit comparator lessequal for signal <clko$cmp_le0000> created at line 35.
    Found 31-bit adder for signal <r_next$addsub0000> created at line 34.
    Found 31-bit register for signal <r_reg>.
    Summary:
	inferred  31 D-type flip-flop(s).
	inferred   1 Adder/Subtractor(s).
	inferred   1 Comparator(s).
Unit <chia_xung_1> synthesized.


Synthesizing Unit <chia_xung_2>.
    Related source file is "chia_xung.v".
    Found 31-bit comparator lessequal for signal <clko$cmp_le0000> created at line 35.
    Found 31-bit adder for signal <r_next$addsub0000> created at line 34.
    Found 31-bit register for signal <r_reg>.
    Summary:
	inferred  31 D-type flip-flop(s).
	inferred   1 Adder/Subtractor(s).
	inferred   1 Comparator(s).
Unit <chia_xung_2> synthesized.


Synthesizing Unit <chia_xung_3>.
    Related source file is "chia_xung.v".
    Found 31-bit comparator lessequal for signal <clko$cmp_le0000> created at line 35.
    Found 31-bit adder for signal <r_next$addsub0000> created at line 34.
    Found 31-bit register for signal <r_reg>.
    Summary:
	inferred  31 D-type flip-flop(s).
	inferred   1 Adder/Subtractor(s).
	inferred   1 Comparator(s).
Unit <chia_xung_3> synthesized.


Synthesizing Unit <tao_xung>.
    Related source file is "tao_xung.v".
Unit <tao_xung> synthesized.


=========================================================================
HDL Synthesis Report

Macro Statistics
# Adders/Subtractors                                   : 3
 31-bit adder                                          : 3
# Registers                                            : 3
 31-bit register                                       : 3
# Comparators                                          : 3
 31-bit comparator lessequal                           : 3

=========================================================================

=========================================================================
*                       Advanced HDL Synthesis                          *
=========================================================================


=========================================================================
Advanced HDL Synthesis Report

Macro Statistics
# Adders/Subtractors                                   : 3
 31-bit adder                                          : 3
# Registers                                            : 93
 Flip-Flops                                            : 93
# Comparators                                          : 3
 31-bit comparator lessequal                           : 3

=========================================================================

=========================================================================
*                         Low Level Synthesis                           *
=========================================================================

Optimizing unit <tao_xung> ...

Optimizing unit <chia_xung_1> ...

Optimizing unit <chia_xung_2> ...

Optimizing unit <chia_xung_3> ...

Mapping all equations...
Building and optimizing final netlist ...
Found area constraint ratio of 100 (+ 5) on block tao_xung, actual ratio is 1.

Final Macro Processing ...

=========================================================================
Final Register Report

Macro Statistics
# Registers                                            : 93
 Flip-Flops                                            : 93

=========================================================================

=========================================================================
*                           Partition Report                            *
=========================================================================

Partition Implementation Status
-------------------------------

  No Partitions were found in this design.

-------------------------------

=========================================================================
*                            Final Report                               *
=========================================================================
Final Results
RTL Top Level Output File Name     : tao_xung.ngr
Top Level Output File Name         : tao_xung
Output Format                      : NGC
Optimization Goal                  : Speed
Keep Hierarchy                     : No

Design Statistics
# IOs                              : 4

Cell Usage :
# BELS                             : 413
#      GND                         : 1
#      INV                         : 17
#      LUT1                        : 102
#      LUT2                        : 2
#      LUT3                        : 5
#      LUT4                        : 36
#      MUXCY                       : 156
#      VCC                         : 1
#      XORCY                       : 93
# FlipFlops/Latches                : 93
#      FDR                         : 93
# Clock Buffers                    : 1
#      BUFGP                       : 1
# IO Buffers                       : 3
#      OBUF                        : 3
=========================================================================

Device utilization summary:
---------------------------

Selected Device : 3s500efg320-4 

 Number of Slices:                       83  out of   4656     1%  
 Number of Slice Flip Flops:             93  out of   9312     0%  
 Number of 4 input LUTs:                162  out of   9312     1%  
 Number of IOs:                           4
 Number of bonded IOBs:                   4  out of    232     1%  
 Number of GCLKs:                         1  out of     24     4%  

---------------------------
Partition Resource Summary:
---------------------------

  No Partitions were found in this design.

---------------------------


=========================================================================
TIMING REPORT

NOTE: THESE TIMING NUMBERS ARE ONLY A SYNTHESIS ESTIMATE.
      FOR ACCURATE TIMING INFORMATION PLEASE REFER TO THE TRACE REPORT
      GENERATED AFTER PLACE-and-ROUTE.

Clock Information:
------------------
-----------------------------------+------------------------+-------+
Clock Signal                       | Clock buffer(FF name)  | Load  |
-----------------------------------+------------------------+-------+
clki                               | BUFGP                  | 93    |
-----------------------------------+------------------------+-------+

Asynchronous Control Signals Information:
----------------------------------------
No asynchronous control signals found in this design

Timing Summary:
---------------
Speed Grade: -4

   Minimum period: 5.323ns (Maximum Frequency: 187.868MHz)
   Minimum input arrival time before clock: No path found
   Maximum output required time after clock: 8.448ns
   Maximum combinational path delay: No path found

Timing Detail:
--------------
All values displayed in nanoseconds (ns)

=========================================================================
Timing constraint: Default period analysis for Clock 'clki'
  Clock period: 5.323ns (frequency: 187.868MHz)
  Total number of paths / destination ports: 4371 / 186
-------------------------------------------------------------------------
Delay:               5.323ns (Levels of Logic = 9)
  Source:            cd0/r_reg_8 (FF)
  Destination:       cd0/r_reg_30 (FF)
  Source Clock:      clki rising
  Destination Clock: clki rising

  Data Path: cd0/r_reg_8 to cd0/r_reg_30
                                Gate     Net
    Cell:in->out      fanout   Delay   Delay  Logical Name (Net Name)
    ----------------------------------------  ------------
     FDR:C->Q              3   0.591   0.706  cd0/r_reg_8 (cd0/r_reg_8)
     LUT3:I0->O            1   0.704   0.000  cd0/r_next_cmp_eq0000_wg_lut<0> (cd0/r_next_cmp_eq0000_wg_lut<0>)
     MUXCY:S->O            1   0.464   0.000  cd0/r_next_cmp_eq0000_wg_cy<0> (cd0/r_next_cmp_eq0000_wg_cy<0>)
     MUXCY:CI->O           1   0.059   0.000  cd0/r_next_cmp_eq0000_wg_cy<1> (cd0/r_next_cmp_eq0000_wg_cy<1>)
     MUXCY:CI->O           1   0.059   0.000  cd0/r_next_cmp_eq0000_wg_cy<2> (cd0/r_next_cmp_eq0000_wg_cy<2>)
     MUXCY:CI->O           1   0.059   0.000  cd0/r_next_cmp_eq0000_wg_cy<3> (cd0/r_next_cmp_eq0000_wg_cy<3>)
     MUXCY:CI->O           1   0.059   0.000  cd0/r_next_cmp_eq0000_wg_cy<4> (cd0/r_next_cmp_eq0000_wg_cy<4>)
     MUXCY:CI->O           1   0.059   0.000  cd0/r_next_cmp_eq0000_wg_cy<5> (cd0/r_next_cmp_eq0000_wg_cy<5>)
     MUXCY:CI->O           1   0.059   0.000  cd0/r_next_cmp_eq0000_wg_cy<6> (cd0/r_next_cmp_eq0000_wg_cy<6>)
     MUXCY:CI->O          31   0.331   1.262  cd0/r_next_cmp_eq0000_wg_cy<7> (cd0/r_next_cmp_eq0000)
     FDR:R                     0.911          cd0/r_reg_30
    ----------------------------------------
    Total                      5.323ns (3.355ns logic, 1.968ns route)
                                       (63.0% logic, 37.0% route)

=========================================================================
Timing constraint: Default OFFSET OUT AFTER for Clock 'clki'
  Total number of paths / destination ports: 93 / 3
-------------------------------------------------------------------------
Offset:              8.448ns (Levels of Logic = 17)
  Source:            cd2/r_reg_0 (FF)
  Destination:       clko<2> (PAD)
  Source Clock:      clki rising

  Data Path: cd2/r_reg_0 to clko<2>
                                Gate     Net
    Cell:in->out      fanout   Delay   Delay  Logical Name (Net Name)
    ----------------------------------------  ------------
     FDR:C->Q              3   0.591   0.706  cd2/r_reg_0 (cd2/r_reg_0)
     LUT4:I0->O            1   0.704   0.000  cd2/Mcompar_clko_cmp_le0000_lut<0> (cd2/Mcompar_clko_cmp_le0000_lut<0>)
     MUXCY:S->O            1   0.464   0.000  cd2/Mcompar_clko_cmp_le0000_cy<0> (cd2/Mcompar_clko_cmp_le0000_cy<0>)
     MUXCY:CI->O           1   0.059   0.000  cd2/Mcompar_clko_cmp_le0000_cy<1> (cd2/Mcompar_clko_cmp_le0000_cy<1>)
     MUXCY:CI->O           1   0.059   0.000  cd2/Mcompar_clko_cmp_le0000_cy<2> (cd2/Mcompar_clko_cmp_le0000_cy<2>)
     MUXCY:CI->O           1   0.059   0.000  cd2/Mcompar_clko_cmp_le0000_cy<3> (cd2/Mcompar_clko_cmp_le0000_cy<3>)
     MUXCY:CI->O           1   0.059   0.000  cd2/Mcompar_clko_cmp_le0000_cy<4> (cd2/Mcompar_clko_cmp_le0000_cy<4>)
     MUXCY:CI->O           1   0.059   0.000  cd2/Mcompar_clko_cmp_le0000_cy<5> (cd2/Mcompar_clko_cmp_le0000_cy<5>)
     MUXCY:CI->O           1   0.059   0.000  cd2/Mcompar_clko_cmp_le0000_cy<6> (cd2/Mcompar_clko_cmp_le0000_cy<6>)
     MUXCY:CI->O           1   0.059   0.000  cd2/Mcompar_clko_cmp_le0000_cy<7> (cd2/Mcompar_clko_cmp_le0000_cy<7>)
     MUXCY:CI->O           1   0.059   0.000  cd2/Mcompar_clko_cmp_le0000_cy<8> (cd2/Mcompar_clko_cmp_le0000_cy<8>)
     MUXCY:CI->O           1   0.059   0.000  cd2/Mcompar_clko_cmp_le0000_cy<9> (cd2/Mcompar_clko_cmp_le0000_cy<9>)
     MUXCY:CI->O           1   0.059   0.000  cd2/Mcompar_clko_cmp_le0000_cy<10> (cd2/Mcompar_clko_cmp_le0000_cy<10>)
     MUXCY:CI->O           1   0.059   0.000  cd2/Mcompar_clko_cmp_le0000_cy<11> (cd2/Mcompar_clko_cmp_le0000_cy<11>)
     MUXCY:CI->O           1   0.059   0.000  cd2/Mcompar_clko_cmp_le0000_cy<12> (cd2/Mcompar_clko_cmp_le0000_cy<12>)
     MUXCY:CI->O           1   0.459   0.420  cd2/Mcompar_clko_cmp_le0000_cy<13> (cd2/clko_cmp_le0000)
     INV:I->O              1   0.704   0.420  cd2/clko1_INV_0 (clko_2_OBUF)
     OBUF:I->O                 3.272          clko_2_OBUF (clko<2>)
    ----------------------------------------
    Total                      8.448ns (6.902ns logic, 1.546ns route)
                                       (81.7% logic, 18.3% route)

=========================================================================


Total REAL time to Xst completion: 2.00 secs
Total CPU time to Xst completion: 2.58 secs
 
--> 

Total memory usage is 4514092 kilobytes

Number of errors   :    0 (   0 filtered)
Number of warnings :    0 (   0 filtered)
Number of infos    :    0 (   0 filtered)

