--------------------------------------------------------------------------------
Release 14.7 Trace  (nt64)
Copyright (c) 1995-2013 Xilinx, Inc.  All rights reserved.

C:\Xilinx\14.7\ISE_DS\ISE\bin\nt64\unwrapped\trce.exe -intstyle ise -v 3 -s 4
-n 3 -fastpaths -xml IC74192.twx IC74192.ncd -o IC74192.twr IC74192.pcf

Design file:              IC74192.ncd
Physical constraint file: IC74192.pcf
Device,package,speed:     xc3s500e,fg320,-4 (PRODUCTION 1.27 2013-10-13)
Report level:             verbose report

Environment Variable      Effect 
--------------------      ------ 
NONE                      No environment variables were set
--------------------------------------------------------------------------------

INFO:Timing:2698 - No timing constraints found, doing default enumeration.
INFO:Timing:3412 - To improve timing, see the Timing Closure User Guide (UG612).
INFO:Timing:2752 - To get complete path coverage, use the unconstrained paths 
   option. All paths that are not constrained will be reported in the 
   unconstrained paths section(s) of the report.
INFO:Timing:3339 - The clock-to-out numbers in this timing report are based on 
   a 50 Ohm transmission line loading model.  For the details of this model, 
   and for more information on accounting for different loading conditions, 
   please see the device datasheet.
INFO:Timing:3390 - This architecture does not support a default System Jitter 
   value, please add SYSTEM_JITTER constraint to the UCF to modify the Clock 
   Uncertainty calculation.
INFO:Timing:3389 - This architecture does not support 'Discrete Jitter' and 
   'Phase Error' calculations, these terms will be zero in the Clock 
   Uncertainty calculation.  Please make appropriate modification to 
   SYSTEM_JITTER to account for the unsupported Discrete Jitter and Phase 
   Error.



Data Sheet report:
-----------------
All values displayed in nanoseconds (ns)

Setup/Hold to clock UP
------------+------------+------------+------------------+--------+
            |Max Setup to|Max Hold to |                  | Clock  |
Source      | clk (edge) | clk (edge) |Internal Clock(s) | Phase  |
------------+------------+------------+------------------+--------+
D<0>        |    0.621(F)|    0.715(F)|UP_IBUF           |   0.000|
D<1>        |    1.033(F)|    0.385(F)|UP_IBUF           |   0.000|
D<2>        |    0.692(F)|    0.658(F)|UP_IBUF           |   0.000|
D<3>        |    0.477(F)|    0.836(F)|UP_IBUF           |   0.000|
DN          |    3.141(F)|   -0.425(F)|UP_IBUF           |   0.000|
PL          |    3.045(F)|    0.135(F)|UP_IBUF           |   0.000|
------------+------------+------------+------------------+--------+

Clock UP to Pad
------------+------------+------------------+--------+
            | clk (edge) |                  | Clock  |
Destination |   to PAD   |Internal Clock(s) | Phase  |
------------+------------+------------------+--------+
Q<0>        |    8.781(F)|UP_IBUF           |   0.000|
Q<1>        |    8.480(F)|UP_IBUF           |   0.000|
Q<2>        |    8.324(F)|UP_IBUF           |   0.000|
Q<3>        |    8.210(F)|UP_IBUF           |   0.000|
TCD         |   10.820(F)|UP_IBUF           |   0.000|
TCU         |   10.751(F)|UP_IBUF           |   0.000|
------------+------------+------------------+--------+

Clock to Setup on destination clock UP
---------------+---------+---------+---------+---------+
               | Src:Rise| Src:Fall| Src:Rise| Src:Fall|
Source Clock   |Dest:Rise|Dest:Rise|Dest:Fall|Dest:Fall|
---------------+---------+---------+---------+---------+
UP             |         |         |         |    4.882|
---------------+---------+---------+---------+---------+

Pad to Pad
---------------+---------------+---------+
Source Pad     |Destination Pad|  Delay  |
---------------+---------------+---------+
DN             |TCD            |    7.493|
UP             |TCU            |    9.183|
---------------+---------------+---------+


Analysis completed Thu Dec 07 23:10:51 2023 
--------------------------------------------------------------------------------

Trace Settings:
-------------------------
Trace Settings 

Peak Memory Usage: 4509 MB



