--------------------------------------------------------------------------------
Release 14.7 Trace  (nt64)
Copyright (c) 1995-2013 Xilinx, Inc.  All rights reserved.

C:\Xilinx\14.7\ISE_DS\ISE\bin\nt64\unwrapped\trce.exe -intstyle ise -v 3 -s 4
-n 3 -fastpaths -xml mainv2.twx mainv2.ncd -o mainv2.twr mainv2.pcf

Design file:              mainv2.ncd
Physical constraint file: mainv2.pcf
Device,package,speed:     xc3s500e,fg320,-4 (PRODUCTION 1.27 2013-10-13)
Report level:             verbose report

Environment Variable      Effect 
--------------------      ------ 
NONE                      No environment variables were set
--------------------------------------------------------------------------------

INFO:Timing:2698 - No timing constraints found, doing default enumeration.
INFO:Timing:3412 - To improve timing, see the Timing Closure User Guide (UG612).
INFO:Timing:2752 - To get complete path coverage, use the unconstrained paths 
   option. All paths that are not constrained will be reported in the 
   unconstrained paths section(s) of the report.
INFO:Timing:3339 - The clock-to-out numbers in this timing report are based on 
   a 50 Ohm transmission line loading model.  For the details of this model, 
   and for more information on accounting for different loading conditions, 
   please see the device datasheet.
INFO:Timing:3390 - This architecture does not support a default System Jitter 
   value, please add SYSTEM_JITTER constraint to the UCF to modify the Clock 
   Uncertainty calculation.
INFO:Timing:3389 - This architecture does not support 'Discrete Jitter' and 
   'Phase Error' calculations, these terms will be zero in the Clock 
   Uncertainty calculation.  Please make appropriate modification to 
   SYSTEM_JITTER to account for the unsupported Discrete Jitter and Phase 
   Error.



Data Sheet report:
-----------------
All values displayed in nanoseconds (ns)

Pad to Pad
---------------+---------------+---------+
Source Pad     |Destination Pad|  Delay  |
---------------+---------------+---------+
A_bar<0>       |EO_bar         |    8.297|
A_bar<0>       |GS_bar         |    7.790|
A_bar<1>       |EO_bar         |    8.192|
A_bar<1>       |GS_bar         |    7.518|
A_bar<1>       |Y_bar<0>       |    7.687|
A_bar<2>       |EO_bar         |    8.107|
A_bar<2>       |GS_bar         |    6.825|
A_bar<2>       |Y_bar<0>       |    7.834|
A_bar<2>       |Y_bar<1>       |    8.219|
A_bar<3>       |EO_bar         |    6.687|
A_bar<3>       |GS_bar         |    6.816|
A_bar<3>       |Y_bar<0>       |    8.088|
A_bar<3>       |Y_bar<1>       |    7.986|
A_bar<4>       |EO_bar         |    6.623|
A_bar<4>       |GS_bar         |    9.058|
A_bar<4>       |Y_bar<0>       |    8.023|
A_bar<4>       |Y_bar<1>       |    7.881|
A_bar<4>       |Y_bar<2>       |    7.134|
A_bar<5>       |EO_bar         |    7.177|
A_bar<5>       |GS_bar         |    8.842|
A_bar<5>       |Y_bar<0>       |    8.279|
A_bar<5>       |Y_bar<1>       |    7.929|
A_bar<5>       |Y_bar<2>       |    6.918|
A_bar<6>       |EO_bar         |    8.681|
A_bar<6>       |GS_bar         |    9.083|
A_bar<6>       |Y_bar<0>       |    6.861|
A_bar<6>       |Y_bar<1>       |    7.305|
A_bar<6>       |Y_bar<2>       |    7.159|
A_bar<7>       |EO_bar         |    8.307|
A_bar<7>       |GS_bar         |    9.219|
A_bar<7>       |Y_bar<0>       |    6.847|
A_bar<7>       |Y_bar<1>       |    7.372|
A_bar<7>       |Y_bar<2>       |    7.295|
EI_bar         |EO_bar         |    7.963|
EI_bar         |GS_bar         |    7.237|
EI_bar         |Y_bar<0>       |    6.463|
EI_bar         |Y_bar<1>       |    7.389|
EI_bar         |Y_bar<2>       |    6.410|
---------------+---------------+---------+


Analysis completed Mon Nov 06 23:55:57 2023 
--------------------------------------------------------------------------------

Trace Settings:
-------------------------
Trace Settings 

Peak Memory Usage: 4509 MB



