--------------------------------------------------------------------------------
Release 14.7 Trace  (nt64)
Copyright (c) 1995-2013 Xilinx, Inc.  All rights reserved.

C:\Xilinx\14.7\ISE_DS\ISE\bin\nt64\unwrapped\trce.exe -intstyle ise -v 3 -s 5
-n 3 -fastpaths -xml DEMUX1_8.twx DEMUX1_8.ncd -o DEMUX1_8.twr DEMUX1_8.pcf
-ucf hi.ucf

Design file:              DEMUX1_8.ncd
Physical constraint file: DEMUX1_8.pcf
Device,package,speed:     xc3s500e,fg320,-5 (PRODUCTION 1.27 2013-10-13)
Report level:             verbose report

Environment Variable      Effect 
--------------------      ------ 
NONE                      No environment variables were set
--------------------------------------------------------------------------------

INFO:Timing:2698 - No timing constraints found, doing default enumeration.
INFO:Timing:3412 - To improve timing, see the Timing Closure User Guide (UG612).
INFO:Timing:2752 - To get complete path coverage, use the unconstrained paths 
   option. All paths that are not constrained will be reported in the 
   unconstrained paths section(s) of the report.
INFO:Timing:3339 - The clock-to-out numbers in this timing report are based on 
   a 50 Ohm transmission line loading model.  For the details of this model, 
   and for more information on accounting for different loading conditions, 
   please see the device datasheet.
INFO:Timing:3390 - This architecture does not support a default System Jitter 
   value, please add SYSTEM_JITTER constraint to the UCF to modify the Clock 
   Uncertainty calculation.
INFO:Timing:3389 - This architecture does not support 'Discrete Jitter' and 
   'Phase Error' calculations, these terms will be zero in the Clock 
   Uncertainty calculation.  Please make appropriate modification to 
   SYSTEM_JITTER to account for the unsupported Discrete Jitter and Phase 
   Error.



Data Sheet report:
-----------------
All values displayed in nanoseconds (ns)

Pad to Pad
---------------+---------------+---------+
Source Pad     |Destination Pad|  Delay  |
---------------+---------------+---------+
D              |I<0>           |    8.284|
D              |I<1>           |    8.186|
D              |I<2>           |    8.364|
D              |I<3>           |    8.467|
D              |I<4>           |    8.460|
D              |I<5>           |    9.001|
D              |I<6>           |    8.862|
D              |I<7>           |    8.941|
E              |I<0>           |    9.158|
E              |I<1>           |    9.098|
E              |I<2>           |    9.238|
E              |I<3>           |    9.379|
E              |I<4>           |    9.334|
E              |I<5>           |    9.913|
E              |I<6>           |    9.736|
E              |I<7>           |    9.853|
S<0>           |I<0>           |    8.437|
S<0>           |I<1>           |    8.336|
S<0>           |I<2>           |    8.490|
S<0>           |I<3>           |    8.561|
S<0>           |I<4>           |    8.614|
S<0>           |I<5>           |    9.151|
S<0>           |I<6>           |    9.077|
S<0>           |I<7>           |    9.641|
S<1>           |I<0>           |    7.891|
S<1>           |I<1>           |    7.600|
S<1>           |I<2>           |    7.938|
S<1>           |I<3>           |    7.875|
S<1>           |I<4>           |    8.292|
S<1>           |I<5>           |    8.415|
S<1>           |I<6>           |    8.366|
S<1>           |I<7>           |    8.926|
S<2>           |I<0>           |    9.313|
S<2>           |I<1>           |    9.010|
S<2>           |I<2>           |    9.416|
S<2>           |I<3>           |    9.258|
S<2>           |I<4>           |    9.311|
S<2>           |I<5>           |    9.825|
S<2>           |I<6>           |    9.564|
S<2>           |I<7>           |    9.717|
---------------+---------------+---------+


Analysis completed Mon Nov 06 20:56:16 2023 
--------------------------------------------------------------------------------

Trace Settings:
-------------------------
Trace Settings 

Peak Memory Usage: 4509 MB



