Running: C:\Xilinx\14.7\ISE_DS\ISE\bin\nt64\unwrapped\fuse.exe -intstyle ise -incremental -lib unisims_ver -lib unimacro_ver -lib xilinxcorelib_ver -o C:/TTVM/decoder3to8/de3to8test_isim_beh.exe -prj C:/TTVM/decoder3to8/de3to8test_beh.prj work.de3to8test work.glbl 
ISim P.20131013 (signature 0x7708f090)
Number of CPUs detected in this system: 8
Turning on mult-threading, number of parallel sub-compilation jobs: 16 
Determining compilation order of HDL files
Analyzing Verilog file "C:/TTVM/decoder3to8/de3to8.v" into library work
Analyzing Verilog file "C:/TTVM/decoder3to8/de3to8test.v" into library work
Analyzing Verilog file "C:/Xilinx/14.7/ISE_DS/ISE//verilog/src/glbl.v" into library work
Starting static elaboration
Completed static elaboration
Compiling module de3to8
Compiling module de3to8test
Compiling module glbl
Time Resolution for simulation is 1ps.
Waiting for 1 sub-compilation(s) to finish...
WARNING:Simulator - Unable to copy libPortabilityNOSH.dll to the simulation executable directory: boost::filesystem::copy_file: The system cannot find the path specified, "isim\de3to8test_isim_beh.exe.sim\libPortability.dll".
Compiled 3 Verilog Units
Built simulation executable C:/TTVM/decoder3to8/de3to8test_isim_beh.exe
Fuse Memory Usage: 27292 KB
Fuse CPU Usage: 249 ms
