Running: C:\Xilinx\14.7\ISE_DS\ISE\bin\nt64\unwrapped\fuse.exe -intstyle ise -incremental -lib unisims_ver -lib unimacro_ver -lib xilinxcorelib_ver -o C:/TTVM/mach_tru4bit/test_tru_isim_beh.exe -prj C:/TTVM/mach_tru4bit/test_tru_beh.prj work.test_tru work.glbl 
ISim P.20131013 (signature 0x7708f090)
Number of CPUs detected in this system: 8
Turning on mult-threading, number of parallel sub-compilation jobs: 16 
Determining compilation order of HDL files
Analyzing Verilog file "C:/TTVM/mach_tru4bit/tru_1bit.v" into library work
Analyzing Verilog file "C:/TTVM/mach_tru4bit/tru_4bit.v" into library work
Analyzing Verilog file "C:/TTVM/mach_tru4bit/test_tru.v" into library work
Analyzing Verilog file "C:/Xilinx/14.7/ISE_DS/ISE//verilog/src/glbl.v" into library work
Starting static elaboration
Completed static elaboration
Compiling module tru_1bit
Compiling module tru_4bit
Compiling module test_tru
Compiling module glbl
Time Resolution for simulation is 1ps.
Waiting for 1 sub-compilation(s) to finish...
WARNING:Simulator - Unable to copy libPortabilityNOSH.dll to the simulation executable directory: boost::filesystem::copy_file: The system cannot find the path specified, "isim\test_tru_isim_beh.exe.sim\libPortability.dll".
Compiled 4 Verilog Units
Built simulation executable C:/TTVM/mach_tru4bit/test_tru_isim_beh.exe
Fuse Memory Usage: 28116 KB
Fuse CPU Usage: 265 ms
