Running: C:\Xilinx\14.7\ISE_DS\ISE\bin\nt64\unwrapped\fuse.exe -intstyle ise -incremental -lib unisims_ver -lib unimacro_ver -lib xilinxcorelib_ver -o C:/TTVM/dong_ho_TM1638/test_isim_beh.exe -prj C:/TTVM/dong_ho_TM1638/test_beh.prj work.test work.glbl 
ISim P.20131013 (signature 0x7708f090)
Number of CPUs detected in this system: 8
Turning on mult-threading, number of parallel sub-compilation jobs: 16 
Determining compilation order of HDL files
Analyzing Verilog file "C:/TTVM/dong_ho_TM1638/tao_xung1hz.v" into library work
Analyzing Verilog file "C:/TTVM/dong_ho_TM1638/dem_phut.v" into library work
Analyzing Verilog file "C:/TTVM/dong_ho_TM1638/dem_gio.v" into library work
Analyzing Verilog file "C:/TTVM/dong_ho_TM1638/dem_giay.v" into library work
Analyzing Verilog file "C:/TTVM/dong_ho_TM1638/Dong_ho.v" into library work
Analyzing Verilog file "C:/TTVM/dong_ho_TM1638/test.v" into library work
Analyzing Verilog file "C:/Xilinx/14.7/ISE_DS/ISE//verilog/src/glbl.v" into library work
Starting static elaboration
Completed static elaboration
Compiling module tao_xung1hz
Compiling module dem_giay
Compiling module dem_phut
Compiling module dem_gio
Compiling module Dong_ho
Compiling module test
Compiling module glbl
Time Resolution for simulation is 1ps.
WARNING:Simulator - Unable to copy libPortabilityNOSH.dll to the simulation executable directory: boost::filesystem::copy_file: The system cannot find the path specified, "isim\test_isim_beh.exe.sim\libPortability.dll".
Compiled 7 Verilog Units
Built simulation executable C:/TTVM/dong_ho_TM1638/test_isim_beh.exe
Fuse Memory Usage: 28084 KB
Fuse CPU Usage: 280 ms
