Release 14.7 - xst P.20131013 (nt64)
Copyright (c) 1995-2013 Xilinx, Inc.  All rights reserved.
--> Parameter TMPDIR set to xst/projnav.tmp


Total REAL time to Xst completion: 0.00 secs
Total CPU time to Xst completion: 0.07 secs
 
--> Parameter xsthdpdir set to xst


Total REAL time to Xst completion: 0.00 secs
Total CPU time to Xst completion: 0.07 secs
 
--> Reading design: Bai_KT_2.prj

TABLE OF CONTENTS
  1) Synthesis Options Summary
  2) HDL Compilation
  3) Design Hierarchy Analysis
  4) HDL Analysis
  5) HDL Synthesis
     5.1) HDL Synthesis Report
  6) Advanced HDL Synthesis
     6.1) Advanced HDL Synthesis Report
  7) Low Level Synthesis
  8) Partition Report
  9) Final Report
	9.1) Device utilization summary
	9.2) Partition Resource Summary
	9.3) TIMING REPORT


=========================================================================
*                      Synthesis Options Summary                        *
=========================================================================
---- Source Parameters
Input File Name                    : "Bai_KT_2.prj"
Input Format                       : mixed
Ignore Synthesis Constraint File   : NO

---- Target Parameters
Output File Name                   : "Bai_KT_2"
Output Format                      : NGC
Target Device                      : xc3s500e-4-fg320

---- Source Options
Top Module Name                    : Bai_KT_2
Automatic FSM Extraction           : YES
FSM Encoding Algorithm             : Auto
Safe Implementation                : No
FSM Style                          : LUT
RAM Extraction                     : Yes
RAM Style                          : Auto
ROM Extraction                     : Yes
Mux Style                          : Auto
Decoder Extraction                 : YES
Priority Encoder Extraction        : Yes
Shift Register Extraction          : YES
Logical Shifter Extraction         : YES
XOR Collapsing                     : YES
ROM Style                          : Auto
Mux Extraction                     : Yes
Resource Sharing                   : YES
Asynchronous To Synchronous        : NO
Multiplier Style                   : Auto
Automatic Register Balancing       : No

---- Target Options
Add IO Buffers                     : YES
Global Maximum Fanout              : 500
Add Generic Clock Buffer(BUFG)     : 24
Register Duplication               : YES
Slice Packing                      : YES
Optimize Instantiated Primitives   : NO
Use Clock Enable                   : Yes
Use Synchronous Set                : Yes
Use Synchronous Reset              : Yes
Pack IO Registers into IOBs        : Auto
Equivalent register Removal        : YES

---- General Options
Optimization Goal                  : Speed
Optimization Effort                : 1
Keep Hierarchy                     : No
Netlist Hierarchy                  : As_Optimized
RTL Output                         : Yes
Global Optimization                : AllClockNets
Read Cores                         : YES
Write Timing Constraints           : NO
Cross Clock Analysis               : NO
Hierarchy Separator                : /
Bus Delimiter                      : <>
Case Specifier                     : Maintain
Slice Utilization Ratio            : 100
BRAM Utilization Ratio             : 100
Verilog 2001                       : YES
Auto BRAM Packing                  : NO
Slice Utilization Ratio Delta      : 5

=========================================================================


=========================================================================
*                          HDL Compilation                              *
=========================================================================
Compiling verilog file "Sandan10.v" in library work
Compiling verilog file "Dich01.v" in library work
Module <Sangdan10> compiled
Compiling verilog file "Dich00.v" in library work
Module <Dich01> compiled
Compiling verilog file "Bai_KT_2.v" in library work
Module <Dich00> compiled
Module <Bai_KT_2> compiled
No errors in compilation
Analysis of file <"Bai_KT_2.prj"> succeeded.
 

=========================================================================
*                     Design Hierarchy Analysis                         *
=========================================================================
Analyzing hierarchy for module <Bai_KT_2> in library <work>.

Analyzing hierarchy for module <Dich00> in library <work>.

Analyzing hierarchy for module <Dich01> in library <work>.

Analyzing hierarchy for module <Sangdan10> in library <work>.


=========================================================================
*                            HDL Analysis                               *
=========================================================================
Analyzing top module <Bai_KT_2>.
Module <Bai_KT_2> is correct for synthesis.
 
Analyzing module <Dich00> in library <work>.
Module <Dich00> is correct for synthesis.
 
Analyzing module <Dich01> in library <work>.
Module <Dich01> is correct for synthesis.
 
Analyzing module <Sangdan10> in library <work>.
Module <Sangdan10> is correct for synthesis.
 

=========================================================================
*                           HDL Synthesis                               *
=========================================================================

Performing bidirectional port resolution...

Synthesizing Unit <Dich00>.
    Related source file is "Dich00.v".
    Found 8-bit register for signal <r_reg>.
    Summary:
	inferred   8 D-type flip-flop(s).
Unit <Dich00> synthesized.


Synthesizing Unit <Dich01>.
    Related source file is "Dich01.v".
    Found 8-bit register for signal <r_reg>.
    Summary:
	inferred   8 D-type flip-flop(s).
Unit <Dich01> synthesized.


Synthesizing Unit <Sangdan10>.
    Related source file is "Sandan10.v".
    Found 8-bit register for signal <r_reg>.
    Summary:
	inferred   8 D-type flip-flop(s).
Unit <Sangdan10> synthesized.


Synthesizing Unit <Bai_KT_2>.
    Related source file is "Bai_KT_2.v".
WARNING:Xst:653 - Signal <led11> is used but never assigned. This sourceless signal will be automatically connected to value 00000000.
    Found 8-bit 4-to-1 multiplexer for signal <led>.
    Summary:
	inferred   8 Multiplexer(s).
Unit <Bai_KT_2> synthesized.


=========================================================================
HDL Synthesis Report

Macro Statistics
# Registers                                            : 3
 8-bit register                                        : 3
# Multiplexers                                         : 1
 8-bit 4-to-1 multiplexer                              : 1

=========================================================================

=========================================================================
*                       Advanced HDL Synthesis                          *
=========================================================================


=========================================================================
Advanced HDL Synthesis Report

Macro Statistics
# Registers                                            : 24
 Flip-Flops                                            : 24
# Multiplexers                                         : 1
 8-bit 4-to-1 multiplexer                              : 1

=========================================================================

=========================================================================
*                         Low Level Synthesis                           *
=========================================================================

Optimizing unit <Bai_KT_2> ...

Optimizing unit <Dich00> ...

Optimizing unit <Dich01> ...

Optimizing unit <Sangdan10> ...

Mapping all equations...
Building and optimizing final netlist ...
Found area constraint ratio of 100 (+ 5) on block Bai_KT_2, actual ratio is 0.

Final Macro Processing ...

=========================================================================
Final Register Report

Macro Statistics
# Registers                                            : 24
 Flip-Flops                                            : 24

=========================================================================

=========================================================================
*                           Partition Report                            *
=========================================================================

Partition Implementation Status
-------------------------------

  No Partitions were found in this design.

-------------------------------

=========================================================================
*                            Final Report                               *
=========================================================================
Final Results
RTL Top Level Output File Name     : Bai_KT_2.ngr
Top Level Output File Name         : Bai_KT_2
Output Format                      : NGC
Optimization Goal                  : Speed
Keep Hierarchy                     : No

Design Statistics
# IOs                              : 11

Cell Usage :
# BELS                             : 28
#      LUT2                        : 9
#      LUT3                        : 8
#      LUT4                        : 1
#      LUT4_L                      : 1
#      MUXF5                       : 8
#      VCC                         : 1
# FlipFlops/Latches                : 24
#      FD                          : 16
#      FDR                         : 8
# Clock Buffers                    : 1
#      BUFGP                       : 1
# IO Buffers                       : 10
#      IBUF                        : 2
#      OBUF                        : 8
=========================================================================

Device utilization summary:
---------------------------

Selected Device : 3s500efg320-4 

 Number of Slices:                       23  out of   4656     0%  
 Number of Slice Flip Flops:             24  out of   9312     0%  
 Number of 4 input LUTs:                 19  out of   9312     0%  
 Number of IOs:                          11
 Number of bonded IOBs:                  11  out of    232     4%  
 Number of GCLKs:                         1  out of     24     4%  

---------------------------
Partition Resource Summary:
---------------------------

  No Partitions were found in this design.

---------------------------


=========================================================================
TIMING REPORT

NOTE: THESE TIMING NUMBERS ARE ONLY A SYNTHESIS ESTIMATE.
      FOR ACCURATE TIMING INFORMATION PLEASE REFER TO THE TRACE REPORT
      GENERATED AFTER PLACE-and-ROUTE.

Clock Information:
------------------
-----------------------------------+------------------------+-------+
Clock Signal                       | Clock buffer(FF name)  | Load  |
-----------------------------------+------------------------+-------+
clk                                | BUFGP                  | 24    |
-----------------------------------+------------------------+-------+

Asynchronous Control Signals Information:
----------------------------------------
No asynchronous control signals found in this design

Timing Summary:
---------------
Speed Grade: -4

   Minimum period: 4.872ns (Maximum Frequency: 205.255MHz)
   Minimum input arrival time before clock: No path found
   Maximum output required time after clock: 5.918ns
   Maximum combinational path delay: 7.144ns

Timing Detail:
--------------
All values displayed in nanoseconds (ns)

=========================================================================
Timing constraint: Default period analysis for Clock 'clk'
  Clock period: 4.872ns (frequency: 205.255MHz)
  Total number of paths / destination ports: 87 / 31
-------------------------------------------------------------------------
Delay:               4.872ns (Levels of Logic = 2)
  Source:            Sd10/r_reg_0 (FF)
  Destination:       Sd10/r_reg_7 (FF)
  Source Clock:      clk rising
  Destination Clock: clk rising

  Data Path: Sd10/r_reg_0 to Sd10/r_reg_7
                                Gate     Net
    Cell:in->out      fanout   Delay   Delay  Logical Name (Net Name)
    ----------------------------------------  ------------
     FDR:C->Q              3   0.591   0.706  Sd10/r_reg_0 (Sd10/r_reg_0)
     LUT4:I0->O            1   0.704   0.499  Sd10/r_next_cmp_eq00004 (Sd10/r_next_cmp_eq00004)
     LUT2:I1->O            8   0.704   0.757  Sd10/r_next_cmp_eq000010 (Sd10/r_next_cmp_eq0000)
     FDR:R                     0.911          Sd10/r_reg_7
    ----------------------------------------
    Total                      4.872ns (2.910ns logic, 1.962ns route)
                                       (59.7% logic, 40.3% route)

=========================================================================
Timing constraint: Default OFFSET OUT AFTER for Clock 'clk'
  Total number of paths / destination ports: 24 / 8
-------------------------------------------------------------------------
Offset:              5.918ns (Levels of Logic = 3)
  Source:            Sd10/r_reg_6 (FF)
  Destination:       led<6> (PAD)
  Source Clock:      clk rising

  Data Path: Sd10/r_reg_6 to led<6>
                                Gate     Net
    Cell:in->out      fanout   Delay   Delay  Logical Name (Net Name)
    ----------------------------------------  ------------
     FDR:C->Q              3   0.591   0.610  Sd10/r_reg_6 (Sd10/r_reg_6)
     LUT2:I1->O            1   0.704   0.000  Mmux_led141 (Mmux_led14)
     MUXF5:I1->O           1   0.321   0.420  Mmux_led14_f5 (led_6_OBUF)
     OBUF:I->O                 3.272          led_6_OBUF (led<6>)
    ----------------------------------------
    Total                      5.918ns (4.888ns logic, 1.030ns route)
                                       (82.6% logic, 17.4% route)

=========================================================================
Timing constraint: Default path analysis
  Total number of paths / destination ports: 24 / 8
-------------------------------------------------------------------------
Delay:               7.144ns (Levels of Logic = 4)
  Source:            S<0> (PAD)
  Destination:       led<7> (PAD)

  Data Path: S<0> to led<7>
                                Gate     Net
    Cell:in->out      fanout   Delay   Delay  Logical Name (Net Name)
    ----------------------------------------  ------------
     IBUF:I->O            16   1.218   1.209  S_0_IBUF (S_0_IBUF)
     LUT2:I0->O            1   0.704   0.000  Mmux_led81 (Mmux_led8)
     MUXF5:I1->O           1   0.321   0.420  Mmux_led8_f5 (led_3_OBUF)
     OBUF:I->O                 3.272          led_3_OBUF (led<3>)
    ----------------------------------------
    Total                      7.144ns (5.515ns logic, 1.629ns route)
                                       (77.2% logic, 22.8% route)

=========================================================================


Total REAL time to Xst completion: 3.00 secs
Total CPU time to Xst completion: 2.77 secs
 
--> 

Total memory usage is 4497952 kilobytes

Number of errors   :    0 (   0 filtered)
Number of warnings :    1 (   0 filtered)
Number of infos    :    0 (   0 filtered)

