Release 14.7 - xst P.20131013 (nt64)
Copyright (c) 1995-2013 Xilinx, Inc.  All rights reserved.
--> Parameter TMPDIR set to xst/projnav.tmp


Total REAL time to Xst completion: 0.00 secs
Total CPU time to Xst completion: 0.07 secs
 
--> Parameter xsthdpdir set to xst


Total REAL time to Xst completion: 0.00 secs
Total CPU time to Xst completion: 0.07 secs
 
--> Reading design: Top.prj

TABLE OF CONTENTS
  1) Synthesis Options Summary
  2) HDL Compilation
  3) Design Hierarchy Analysis
  4) HDL Analysis
  5) HDL Synthesis
     5.1) HDL Synthesis Report
  6) Advanced HDL Synthesis
     6.1) Advanced HDL Synthesis Report
  7) Low Level Synthesis
  8) Partition Report
  9) Final Report
	9.1) Device utilization summary
	9.2) Partition Resource Summary
	9.3) TIMING REPORT


=========================================================================
*                      Synthesis Options Summary                        *
=========================================================================
---- Source Parameters
Input File Name                    : "Top.prj"
Input Format                       : mixed
Ignore Synthesis Constraint File   : NO

---- Target Parameters
Output File Name                   : "Top"
Output Format                      : NGC
Target Device                      : xc3s500e-4-fg320

---- Source Options
Top Module Name                    : Top
Automatic FSM Extraction           : YES
FSM Encoding Algorithm             : Auto
Safe Implementation                : No
FSM Style                          : LUT
RAM Extraction                     : Yes
RAM Style                          : Auto
ROM Extraction                     : Yes
Mux Style                          : Auto
Decoder Extraction                 : YES
Priority Encoder Extraction        : Yes
Shift Register Extraction          : YES
Logical Shifter Extraction         : YES
XOR Collapsing                     : YES
ROM Style                          : Auto
Mux Extraction                     : Yes
Resource Sharing                   : YES
Asynchronous To Synchronous        : NO
Multiplier Style                   : Auto
Automatic Register Balancing       : No

---- Target Options
Add IO Buffers                     : YES
Global Maximum Fanout              : 500
Add Generic Clock Buffer(BUFG)     : 24
Register Duplication               : YES
Slice Packing                      : YES
Optimize Instantiated Primitives   : NO
Use Clock Enable                   : Yes
Use Synchronous Set                : Yes
Use Synchronous Reset              : Yes
Pack IO Registers into IOBs        : Auto
Equivalent register Removal        : YES

---- General Options
Optimization Goal                  : Speed
Optimization Effort                : 1
Keep Hierarchy                     : No
Netlist Hierarchy                  : As_Optimized
RTL Output                         : Yes
Global Optimization                : AllClockNets
Read Cores                         : YES
Write Timing Constraints           : NO
Cross Clock Analysis               : NO
Hierarchy Separator                : /
Bus Delimiter                      : <>
Case Specifier                     : Maintain
Slice Utilization Ratio            : 100
BRAM Utilization Ratio             : 100
Verilog 2001                       : YES
Auto BRAM Packing                  : NO
Slice Utilization Ratio Delta      : 5

=========================================================================


=========================================================================
*                          HDL Compilation                              *
=========================================================================
Compiling verilog file "Sandan10.v" in library work
Compiling verilog file "Dich01.v" in library work
Module <Sangdan10> compiled
Compiling verilog file "Dich00.v" in library work
Module <Dich01> compiled
Compiling verilog file "DivClock.v" in library work
Module <Dich00> compiled
Compiling verilog file "Bai_KT_2.v" in library work
Module <DivClock> compiled
Compiling verilog file "Top.v" in library work
Module <Bai_KT_2> compiled
Module <Top> compiled
No errors in compilation
Analysis of file <"Top.prj"> succeeded.
 

=========================================================================
*                     Design Hierarchy Analysis                         *
=========================================================================
Analyzing hierarchy for module <Top> in library <work>.

Analyzing hierarchy for module <DivClock> in library <work>.

Analyzing hierarchy for module <Bai_KT_2> in library <work>.

Analyzing hierarchy for module <Dich00> in library <work>.

Analyzing hierarchy for module <Dich01> in library <work>.

Analyzing hierarchy for module <Sangdan10> in library <work>.


=========================================================================
*                            HDL Analysis                               *
=========================================================================
Analyzing top module <Top>.
WARNING:Xst:863 - "Top.v" line 22: Name conflict (<CLK> and <clk>, renaming CLK as clk_rnm0).
Module <Top> is correct for synthesis.
 
Analyzing module <DivClock> in library <work>.
Module <DivClock> is correct for synthesis.
 
Analyzing module <Bai_KT_2> in library <work>.
Module <Bai_KT_2> is correct for synthesis.
 
Analyzing module <Dich00> in library <work>.
Module <Dich00> is correct for synthesis.
 
Analyzing module <Dich01> in library <work>.
Module <Dich01> is correct for synthesis.
 
Analyzing module <Sangdan10> in library <work>.
Module <Sangdan10> is correct for synthesis.
 

=========================================================================
*                           HDL Synthesis                               *
=========================================================================

Performing bidirectional port resolution...

Synthesizing Unit <DivClock>.
    Related source file is "DivClock.v".
    Found 1-bit register for signal <clk_out>.
    Found 46-bit comparator equal for signal <clk_out$cmp_eq0000> created at line 35.
    Found 46-bit adder for signal <r_next$addsub0000> created at line 39.
    Found 46-bit comparator equal for signal <r_next$cmp_eq0000> created at line 39.
    Found 46-bit register for signal <r_reg>.
    Summary:
	inferred  47 D-type flip-flop(s).
	inferred   1 Adder/Subtractor(s).
	inferred   2 Comparator(s).
Unit <DivClock> synthesized.


Synthesizing Unit <Dich00>.
    Related source file is "Dich00.v".
    Found 8-bit register for signal <r_reg>.
    Summary:
	inferred   8 D-type flip-flop(s).
Unit <Dich00> synthesized.


Synthesizing Unit <Dich01>.
    Related source file is "Dich01.v".
    Found 8-bit register for signal <r_reg>.
    Summary:
	inferred   8 D-type flip-flop(s).
Unit <Dich01> synthesized.


Synthesizing Unit <Sangdan10>.
    Related source file is "Sandan10.v".
    Found 8-bit register for signal <r_reg>.
    Summary:
	inferred   8 D-type flip-flop(s).
Unit <Sangdan10> synthesized.


Synthesizing Unit <Bai_KT_2>.
    Related source file is "Bai_KT_2.v".
WARNING:Xst:653 - Signal <led11> is used but never assigned. This sourceless signal will be automatically connected to value 00000000.
    Found 8-bit 4-to-1 multiplexer for signal <led>.
    Summary:
	inferred   8 Multiplexer(s).
Unit <Bai_KT_2> synthesized.


Synthesizing Unit <Top>.
    Related source file is "Top.v".
Unit <Top> synthesized.


=========================================================================
HDL Synthesis Report

Macro Statistics
# Adders/Subtractors                                   : 1
 46-bit adder                                          : 1
# Registers                                            : 5
 1-bit register                                        : 1
 46-bit register                                       : 1
 8-bit register                                        : 3
# Comparators                                          : 2
 46-bit comparator equal                               : 2
# Multiplexers                                         : 1
 8-bit 4-to-1 multiplexer                              : 1

=========================================================================

=========================================================================
*                       Advanced HDL Synthesis                          *
=========================================================================


=========================================================================
Advanced HDL Synthesis Report

Macro Statistics
# Adders/Subtractors                                   : 1
 46-bit adder                                          : 1
# Registers                                            : 71
 Flip-Flops                                            : 71
# Comparators                                          : 2
 46-bit comparator equal                               : 2
# Multiplexers                                         : 1
 8-bit 4-to-1 multiplexer                              : 1

=========================================================================

=========================================================================
*                         Low Level Synthesis                           *
=========================================================================

Optimizing unit <Top> ...

Optimizing unit <DivClock> ...

Optimizing unit <Dich00> ...

Optimizing unit <Dich01> ...

Optimizing unit <Sangdan10> ...

Mapping all equations...
Building and optimizing final netlist ...
Found area constraint ratio of 100 (+ 5) on block Top, actual ratio is 1.

Final Macro Processing ...

=========================================================================
Final Register Report

Macro Statistics
# Registers                                            : 71
 Flip-Flops                                            : 71

=========================================================================

=========================================================================
*                           Partition Report                            *
=========================================================================

Partition Implementation Status
-------------------------------

  No Partitions were found in this design.

-------------------------------

=========================================================================
*                            Final Report                               *
=========================================================================
Final Results
RTL Top Level Output File Name     : Top.ngr
Top Level Output File Name         : Top
Output Format                      : NGC
Optimization Goal                  : Speed
Keep Hierarchy                     : No

Design Statistics
# IOs                              : 11

Cell Usage :
# BELS                             : 264
#      GND                         : 1
#      INV                         : 2
#      LUT1                        : 45
#      LUT2                        : 59
#      LUT3                        : 9
#      LUT4                        : 24
#      MUXCY                       : 69
#      MUXF5                       : 8
#      VCC                         : 1
#      XORCY                       : 46
# FlipFlops/Latches                : 71
#      FD                          : 62
#      FDE                         : 1
#      FDR                         : 8
# Clock Buffers                    : 2
#      BUFG                        : 1
#      BUFGP                       : 1
# IO Buffers                       : 10
#      IBUF                        : 2
#      OBUF                        : 8
=========================================================================

Device utilization summary:
---------------------------

Selected Device : 3s500efg320-4 

 Number of Slices:                       85  out of   4656     1%  
 Number of Slice Flip Flops:             71  out of   9312     0%  
 Number of 4 input LUTs:                139  out of   9312     1%  
 Number of IOs:                          11
 Number of bonded IOBs:                  11  out of    232     4%  
 Number of GCLKs:                         2  out of     24     8%  

---------------------------
Partition Resource Summary:
---------------------------

  No Partitions were found in this design.

---------------------------


=========================================================================
TIMING REPORT

NOTE: THESE TIMING NUMBERS ARE ONLY A SYNTHESIS ESTIMATE.
      FOR ACCURATE TIMING INFORMATION PLEASE REFER TO THE TRACE REPORT
      GENERATED AFTER PLACE-and-ROUTE.

Clock Information:
------------------
-----------------------------------+------------------------+-------+
Clock Signal                       | Clock buffer(FF name)  | Load  |
-----------------------------------+------------------------+-------+
clk                                | BUFGP                  | 47    |
DV/clk_out1                        | BUFG                   | 24    |
-----------------------------------+------------------------+-------+

Asynchronous Control Signals Information:
----------------------------------------
No asynchronous control signals found in this design

Timing Summary:
---------------
Speed Grade: -4

   Minimum period: 9.828ns (Maximum Frequency: 101.750MHz)
   Minimum input arrival time before clock: No path found
   Maximum output required time after clock: 5.918ns
   Maximum combinational path delay: 7.144ns

Timing Detail:
--------------
All values displayed in nanoseconds (ns)

=========================================================================
Timing constraint: Default period analysis for Clock 'clk'
  Clock period: 9.828ns (frequency: 101.750MHz)
  Total number of paths / destination ports: 5935 / 48
-------------------------------------------------------------------------
Delay:               9.828ns (Levels of Logic = 48)
  Source:            DV/r_reg_1 (FF)
  Destination:       DV/clk_out (FF)
  Source Clock:      clk rising
  Destination Clock: clk rising

  Data Path: DV/r_reg_1 to DV/clk_out
                                Gate     Net
    Cell:in->out      fanout   Delay   Delay  Logical Name (Net Name)
    ----------------------------------------  ------------
     FD:C->Q               2   0.591   0.622  DV/r_reg_1 (DV/r_reg_1)
     LUT1:I0->O            1   0.704   0.000  DV/Madd_r_next_addsub0000_cy<1>_rt (DV/Madd_r_next_addsub0000_cy<1>_rt)
     MUXCY:S->O            1   0.464   0.000  DV/Madd_r_next_addsub0000_cy<1> (DV/Madd_r_next_addsub0000_cy<1>)
     MUXCY:CI->O           1   0.059   0.000  DV/Madd_r_next_addsub0000_cy<2> (DV/Madd_r_next_addsub0000_cy<2>)
     MUXCY:CI->O           1   0.059   0.000  DV/Madd_r_next_addsub0000_cy<3> (DV/Madd_r_next_addsub0000_cy<3>)
     MUXCY:CI->O           1   0.059   0.000  DV/Madd_r_next_addsub0000_cy<4> (DV/Madd_r_next_addsub0000_cy<4>)
     MUXCY:CI->O           1   0.059   0.000  DV/Madd_r_next_addsub0000_cy<5> (DV/Madd_r_next_addsub0000_cy<5>)
     MUXCY:CI->O           1   0.059   0.000  DV/Madd_r_next_addsub0000_cy<6> (DV/Madd_r_next_addsub0000_cy<6>)
     MUXCY:CI->O           1   0.059   0.000  DV/Madd_r_next_addsub0000_cy<7> (DV/Madd_r_next_addsub0000_cy<7>)
     MUXCY:CI->O           1   0.059   0.000  DV/Madd_r_next_addsub0000_cy<8> (DV/Madd_r_next_addsub0000_cy<8>)
     MUXCY:CI->O           1   0.059   0.000  DV/Madd_r_next_addsub0000_cy<9> (DV/Madd_r_next_addsub0000_cy<9>)
     MUXCY:CI->O           1   0.059   0.000  DV/Madd_r_next_addsub0000_cy<10> (DV/Madd_r_next_addsub0000_cy<10>)
     MUXCY:CI->O           1   0.059   0.000  DV/Madd_r_next_addsub0000_cy<11> (DV/Madd_r_next_addsub0000_cy<11>)
     MUXCY:CI->O           1   0.059   0.000  DV/Madd_r_next_addsub0000_cy<12> (DV/Madd_r_next_addsub0000_cy<12>)
     MUXCY:CI->O           1   0.059   0.000  DV/Madd_r_next_addsub0000_cy<13> (DV/Madd_r_next_addsub0000_cy<13>)
     MUXCY:CI->O           1   0.059   0.000  DV/Madd_r_next_addsub0000_cy<14> (DV/Madd_r_next_addsub0000_cy<14>)
     MUXCY:CI->O           1   0.059   0.000  DV/Madd_r_next_addsub0000_cy<15> (DV/Madd_r_next_addsub0000_cy<15>)
     MUXCY:CI->O           1   0.059   0.000  DV/Madd_r_next_addsub0000_cy<16> (DV/Madd_r_next_addsub0000_cy<16>)
     MUXCY:CI->O           1   0.059   0.000  DV/Madd_r_next_addsub0000_cy<17> (DV/Madd_r_next_addsub0000_cy<17>)
     MUXCY:CI->O           1   0.059   0.000  DV/Madd_r_next_addsub0000_cy<18> (DV/Madd_r_next_addsub0000_cy<18>)
     MUXCY:CI->O           1   0.059   0.000  DV/Madd_r_next_addsub0000_cy<19> (DV/Madd_r_next_addsub0000_cy<19>)
     MUXCY:CI->O           1   0.059   0.000  DV/Madd_r_next_addsub0000_cy<20> (DV/Madd_r_next_addsub0000_cy<20>)
     MUXCY:CI->O           1   0.059   0.000  DV/Madd_r_next_addsub0000_cy<21> (DV/Madd_r_next_addsub0000_cy<21>)
     MUXCY:CI->O           1   0.059   0.000  DV/Madd_r_next_addsub0000_cy<22> (DV/Madd_r_next_addsub0000_cy<22>)
     MUXCY:CI->O           1   0.059   0.000  DV/Madd_r_next_addsub0000_cy<23> (DV/Madd_r_next_addsub0000_cy<23>)
     MUXCY:CI->O           1   0.059   0.000  DV/Madd_r_next_addsub0000_cy<24> (DV/Madd_r_next_addsub0000_cy<24>)
     MUXCY:CI->O           1   0.059   0.000  DV/Madd_r_next_addsub0000_cy<25> (DV/Madd_r_next_addsub0000_cy<25>)
     MUXCY:CI->O           1   0.059   0.000  DV/Madd_r_next_addsub0000_cy<26> (DV/Madd_r_next_addsub0000_cy<26>)
     MUXCY:CI->O           1   0.059   0.000  DV/Madd_r_next_addsub0000_cy<27> (DV/Madd_r_next_addsub0000_cy<27>)
     MUXCY:CI->O           1   0.059   0.000  DV/Madd_r_next_addsub0000_cy<28> (DV/Madd_r_next_addsub0000_cy<28>)
     MUXCY:CI->O           1   0.059   0.000  DV/Madd_r_next_addsub0000_cy<29> (DV/Madd_r_next_addsub0000_cy<29>)
     MUXCY:CI->O           1   0.059   0.000  DV/Madd_r_next_addsub0000_cy<30> (DV/Madd_r_next_addsub0000_cy<30>)
     MUXCY:CI->O           1   0.059   0.000  DV/Madd_r_next_addsub0000_cy<31> (DV/Madd_r_next_addsub0000_cy<31>)
     MUXCY:CI->O           1   0.059   0.000  DV/Madd_r_next_addsub0000_cy<32> (DV/Madd_r_next_addsub0000_cy<32>)
     MUXCY:CI->O           1   0.059   0.000  DV/Madd_r_next_addsub0000_cy<33> (DV/Madd_r_next_addsub0000_cy<33>)
     MUXCY:CI->O           1   0.059   0.000  DV/Madd_r_next_addsub0000_cy<34> (DV/Madd_r_next_addsub0000_cy<34>)
     MUXCY:CI->O           1   0.059   0.000  DV/Madd_r_next_addsub0000_cy<35> (DV/Madd_r_next_addsub0000_cy<35>)
     MUXCY:CI->O           1   0.059   0.000  DV/Madd_r_next_addsub0000_cy<36> (DV/Madd_r_next_addsub0000_cy<36>)
     MUXCY:CI->O           1   0.059   0.000  DV/Madd_r_next_addsub0000_cy<37> (DV/Madd_r_next_addsub0000_cy<37>)
     MUXCY:CI->O           1   0.059   0.000  DV/Madd_r_next_addsub0000_cy<38> (DV/Madd_r_next_addsub0000_cy<38>)
     MUXCY:CI->O           1   0.059   0.000  DV/Madd_r_next_addsub0000_cy<39> (DV/Madd_r_next_addsub0000_cy<39>)
     XORCY:CI->O           2   0.804   0.622  DV/Madd_r_next_addsub0000_xor<40> (DV/r_next_addsub0000<40>)
     LUT2:I0->O            1   0.704   0.424  DV/Mcompar_clk_out_cmp_eq0000_lut<7>_SW0 (N19)
     LUT4:I3->O            1   0.704   0.000  DV/Mcompar_clk_out_cmp_eq0000_lut<7> (DV/Mcompar_clk_out_cmp_eq0000_lut<7>)
     MUXCY:S->O            1   0.464   0.000  DV/Mcompar_clk_out_cmp_eq0000_cy<7> (DV/Mcompar_clk_out_cmp_eq0000_cy<7>)
     MUXCY:CI->O           1   0.059   0.000  DV/Mcompar_clk_out_cmp_eq0000_cy<8> (DV/Mcompar_clk_out_cmp_eq0000_cy<8>)
     MUXCY:CI->O           1   0.059   0.000  DV/Mcompar_clk_out_cmp_eq0000_cy<9> (DV/Mcompar_clk_out_cmp_eq0000_cy<9>)
     MUXCY:CI->O           1   0.059   0.000  DV/Mcompar_clk_out_cmp_eq0000_cy<10> (DV/Mcompar_clk_out_cmp_eq0000_cy<10>)
     MUXCY:CI->O           1   0.331   0.420  DV/Mcompar_clk_out_cmp_eq0000_cy<11> (DV/Mcompar_clk_out_cmp_eq0000_cy<11>)
     FDE:CE                    0.555          DV/clk_out
    ----------------------------------------
    Total                      9.828ns (7.740ns logic, 2.088ns route)
                                       (78.8% logic, 21.2% route)

=========================================================================
Timing constraint: Default period analysis for Clock 'DV/clk_out1'
  Clock period: 4.968ns (frequency: 201.288MHz)
  Total number of paths / destination ports: 87 / 31
-------------------------------------------------------------------------
Delay:               4.968ns (Levels of Logic = 2)
  Source:            BT/Sd10/r_reg_3 (FF)
  Destination:       BT/Sd10/r_reg_7 (FF)
  Source Clock:      DV/clk_out1 rising
  Destination Clock: DV/clk_out1 rising

  Data Path: BT/Sd10/r_reg_3 to BT/Sd10/r_reg_7
                                Gate     Net
    Cell:in->out      fanout   Delay   Delay  Logical Name (Net Name)
    ----------------------------------------  ------------
     FDR:C->Q              3   0.591   0.706  BT/Sd10/r_reg_3 (BT/Sd10/r_reg_3)
     LUT4:I0->O            1   0.704   0.595  BT/Sd10/r_next_cmp_eq00004 (BT/Sd10/r_next_cmp_eq00004)
     LUT2:I0->O            8   0.704   0.757  BT/Sd10/r_next_cmp_eq000010 (BT/Sd10/r_next_cmp_eq0000)
     FDR:R                     0.911          BT/Sd10/r_reg_7
    ----------------------------------------
    Total                      4.968ns (2.910ns logic, 2.058ns route)
                                       (58.6% logic, 41.4% route)

=========================================================================
Timing constraint: Default OFFSET OUT AFTER for Clock 'DV/clk_out1'
  Total number of paths / destination ports: 24 / 8
-------------------------------------------------------------------------
Offset:              5.918ns (Levels of Logic = 3)
  Source:            BT/Sd10/r_reg_6 (FF)
  Destination:       led<6> (PAD)
  Source Clock:      DV/clk_out1 rising

  Data Path: BT/Sd10/r_reg_6 to led<6>
                                Gate     Net
    Cell:in->out      fanout   Delay   Delay  Logical Name (Net Name)
    ----------------------------------------  ------------
     FDR:C->Q              3   0.591   0.610  BT/Sd10/r_reg_6 (BT/Sd10/r_reg_6)
     LUT2:I1->O            1   0.704   0.000  BT/Mmux_led141 (BT/Mmux_led14)
     MUXF5:I1->O           1   0.321   0.420  BT/Mmux_led14_f5 (led_6_OBUF)
     OBUF:I->O                 3.272          led_6_OBUF (led<6>)
    ----------------------------------------
    Total                      5.918ns (4.888ns logic, 1.030ns route)
                                       (82.6% logic, 17.4% route)

=========================================================================
Timing constraint: Default path analysis
  Total number of paths / destination ports: 24 / 8
-------------------------------------------------------------------------
Delay:               7.144ns (Levels of Logic = 4)
  Source:            S<0> (PAD)
  Destination:       led<7> (PAD)

  Data Path: S<0> to led<7>
                                Gate     Net
    Cell:in->out      fanout   Delay   Delay  Logical Name (Net Name)
    ----------------------------------------  ------------
     IBUF:I->O            16   1.218   1.209  S_0_IBUF (S_0_IBUF)
     LUT2:I0->O            1   0.704   0.000  BT/Mmux_led81 (BT/Mmux_led8)
     MUXF5:I1->O           1   0.321   0.420  BT/Mmux_led8_f5 (led_3_OBUF)
     OBUF:I->O                 3.272          led_3_OBUF (led<3>)
    ----------------------------------------
    Total                      7.144ns (5.515ns logic, 1.629ns route)
                                       (77.2% logic, 22.8% route)

=========================================================================


Total REAL time to Xst completion: 3.00 secs
Total CPU time to Xst completion: 2.91 secs
 
--> 

Total memory usage is 4514052 kilobytes

Number of errors   :    0 (   0 filtered)
Number of warnings :    2 (   0 filtered)
Number of infos    :    0 (   0 filtered)

