Running: C:\Xilinx\14.7\ISE_DS\ISE\bin\nt64\unwrapped\fuse.exe -intstyle ise -incremental -lib unisims_ver -lib unimacro_ver -lib xilinxcorelib_ver -o C:/TTVM/KT1_DU/test_isim_beh.exe -prj C:/TTVM/KT1_DU/test_beh.prj work.test work.glbl 
ISim P.20131013 (signature 0x7708f090)
Number of CPUs detected in this system: 8
Turning on mult-threading, number of parallel sub-compilation jobs: 16 
Determining compilation order of HDL files
Analyzing Verilog file "C:/TTVM/KT1_DU/tru_1bit.v" into library work
Analyzing Verilog file "C:/TTVM/KT1_DU/cong_1bit.v" into library work
Analyzing Verilog file "C:/TTVM/KT1_DU/tru_2bit.v" into library work
Analyzing Verilog file "C:/TTVM/KT1_DU/cong_2bit.v" into library work
Analyzing Verilog file "C:/TTVM/KT1_DU/main.v" into library work
Analyzing Verilog file "C:/TTVM/KT1_DU/test.v" into library work
Analyzing Verilog file "C:/Xilinx/14.7/ISE_DS/ISE//verilog/src/glbl.v" into library work
Starting static elaboration
Completed static elaboration
Compiling module cong_1bit
Compiling module cong_2bit
Compiling module tru_1bit
Compiling module tru_2bit
Compiling module main
Compiling module test
Compiling module glbl
Time Resolution for simulation is 1ps.
Waiting for 1 sub-compilation(s) to finish...
WARNING:Simulator - Unable to copy libPortabilityNOSH.dll to the simulation executable directory: boost::filesystem::copy_file: The system cannot find the path specified, "isim\test_isim_beh.exe.sim\libPortability.dll".
Compiled 7 Verilog Units
Built simulation executable C:/TTVM/KT1_DU/test_isim_beh.exe
Fuse Memory Usage: 28044 KB
Fuse CPU Usage: 265 ms
